"../../../Engine/Content/Functions/Engine_MaterialFunctions01/Opacity/CameraDepthFade.uasset" 0
"../../../Engine/Content/EngineMaterials/T_Default_Material_Grid_M.uasset" 1
"../../../Engine/Content/EngineMaterials/T_Default_Material_Grid_N.uasset" 2
"../../../Engine/Content/EngineMaterials/DefaultMaterial.uasset" 3
"../../../Engine/Content/BasicShapes/Cone.uasset" 4
"../../../Engine/Content/BasicShapes/Cylinder.uasset" 5
"../../../Engine/Content/EditorLandscapeResources/DataLayer.uasset" 6
"../../../Engine/Content/EditorMaterials/GizmoMaterial.uasset" 7
"../../../Engine/Content/EditorMaterials/MAT_Groups_Toggle.uasset" 8
"../../../Engine/Content/EditorMaterials/MAT_Groups_Visibility.uasset" 9
"../../../Engine/Content/EditorMaterials/PreviewShadowIndicator.uasset" 10
"../../../Engine/Content/EditorMaterials/PreviewShadowIndicatorMaterial.uasset" 11
"../../../Engine/Content/EditorMaterials/AssetViewer/EpicQuadPanorama_CC+EV1.uasset" 12
"../../../Engine/Content/EditorMaterials/MatineeGroups/MAT_ColorTrack.uasset" 13
"../../../Engine/Content/EditorMaterials/MatineeGroups/MAT_Groups_Anim.uasset" 14
"../../../Engine/Content/EditorMaterials/MatineeGroups/MAT_Groups_AudioMaster.uasset" 15
"../../../Engine/Content/EditorMaterials/MatineeGroups/MAT_Groups_Director.uasset" 16
"../../../Engine/Content/EditorMaterials/MatineeGroups/MAT_Groups_Event.uasset" 17
"../../../Engine/Content/EditorMaterials/MatineeGroups/MAT_Groups_Fade.uasset" 18
"../../../Engine/Content/EditorMaterials/MatineeGroups/MAT_Groups_Float.uasset" 19
"../../../Engine/Content/EditorMaterials/MatineeGroups/MAT_Groups_Move.uasset" 20
"../../../Engine/Content/EditorMaterials/MatineeGroups/MAT_Groups_Slomo.uasset" 21
"../../../Engine/Content/EditorMaterials/MatineeGroups/MAT_Groups_Sound.uasset" 22
"../../../Engine/Content/EditorMaterials/MatineeGroups/MAT_Groups_Vector.uasset" 23
"../../../Engine/Content/EditorMaterials/ParticleSystems/PSysThumbnail_NoImage.uasset" 24
"../../../Engine/Content/EditorMaterials/ParticleSystems/PSysThumbnail_OOD.uasset" 25
"../../../Engine/Content/EditorMaterials/Camera/CineMat.uasset" 26
"../../../Engine/Content/EditorMaterials/Camera/MI_CineMat_Rig.uasset" 27
"../../../Engine/Content/EditorMeshes/Camera/SM_CraneRig_Arm.uasset" 28
"../../../Engine/Content/EditorMeshes/Camera/SM_CraneRig_Base.uasset" 29
"../../../Engine/Content/EditorMeshes/Camera/SM_CraneRig_Body.uasset" 30
"../../../Engine/Content/EditorMeshes/Camera/SM_CraneRig_Mount.uasset" 31
"../../../Engine/Content/EditorMeshes/Camera/SM_RailRig_Mount.uasset" 32
"../../../Engine/Content/EditorMeshes/Camera/SM_RailRig_Track.uasset" 33
"../../../Engine/Content/EditorResources/BSPVertex.uasset" 34
"../../../Engine/Content/EditorResources/EmptyActor.uasset" 35
"../../../Engine/Content/EditorResources/RGBTable16x1_AssetViewer.uasset" 36
"../../../Engine/Content/EditorResources/S_Actor.uasset" 37
"../../../Engine/Content/EditorResources/S_Trigger.uasset" 38
"../../../Engine/Content/EditorResources/AudioIcons/S_AudioComponent.uasset" 39
"../../../Engine/Content/EditorResources/AudioIcons/S_AudioComponent_AutoActivate.uasset" 40
"../../../Engine/Content/EditorResources/LightIcons/S_LightError.uasset" 41
"../../../Engine/Content/EditorResources/SequenceRecorder/Countdown.uasset" 42
"../../../Engine/Content/EditorResources/SequenceRecorder/RecordingIndicator.uasset" 43
"../../../Engine/Content/EditorSounds/Notifications/CompileFailed.uasset" 44
"../../../Engine/Content/EditorSounds/Notifications/CompileFailed_Cue.uasset" 45
"../../../Engine/Content/EditorSounds/Notifications/CompileSuccess.uasset" 46
"../../../Engine/Content/EditorSounds/Notifications/CompileStart_Cue.uasset" 47
"../../../Engine/Content/EditorSounds/Notifications/CompileSuccess_Cue.uasset" 48
"../../../Engine/Content/EngineDamageTypes/DmgTypeBP_Environmental.uasset" 49
"../../../Engine/Content/EngineDebugMaterials/HeatmapGradient.uasset" 50
"../../../Engine/Content/EngineDebugMaterials/BoneWeightMaterial.uasset" 51
"../../../Engine/Content/EngineDebugMaterials/DebugMeshMaterial.uasset" 52
"../../../Engine/Content/EngineDebugMaterials/GeomMaterial.uasset" 53
"../../../Engine/Content/EngineFonts/Roboto.uasset" 54
"../../../Engine/Content/EngineFonts/RobotoTiny.uasset" 55
"../../../Engine/Content/EngineMaterials/DefaultBokeh.uasset" 56
"../../../Engine/Content/EngineMaterials/DefaultDiffuse.uasset" 57
"../../../Engine/Content/EngineMaterials/DefaultDeferredDecalMaterial.uasset" 58
"../../../Engine/Content/EngineMaterials/DefaultLightFunctionMaterial.uasset" 59
"../../../Engine/Content/EngineMaterials/DefaultPhysicalMaterial.uasset" 60
"../../../Engine/Content/Functions/Engine_MaterialFunctions02/Utility/BreakOutFloat2Components.uasset" 61
"../../../Engine/Content/EngineMaterials/DefaultPostProcessMaterial.uasset" 62
"../../../Engine/Content/EngineFonts/RobotoDistanceField.uasset" 63
"../../../Engine/Content/EngineMaterials/DefaultTextMaterialOpaque.uasset" 64
"../../../Engine/Content/EngineMaterials/DefaultWhiteGrid.uasset" 65
"../../../Engine/Content/EngineMaterials/EditorBrushMaterial.uasset" 66
"../../../Engine/Content/EngineMaterials/Good64x64TilingNoiseHighFreq.uasset" 67
"../../../Engine/Content/EngineMaterials/MiniFont.uasset" 68
"../../../Engine/Content/EngineMaterials/InvalidLightmapSettings.uasset" 69
"../../../Engine/Content/EngineMaterials/M_InvalidLightmapSettings.uasset" 70
"../../../Engine/Content/EngineMaterials/PhAT_JointLimitMaterial.uasset" 71
"../../../Engine/Content/EngineMaterials/PreintegratedSkinBRDF.uasset" 72
"../../../Engine/Content/EngineMaterials/RemoveSurfaceMaterial.uasset" 73
"../../../Engine/Content/EngineMaterials/WeightMapPlaceholderTexture.uasset" 74
"../../../Engine/Content/EngineResources/WhiteSquareTexture.uasset" 75
"../../../Engine/Content/EngineMaterials/Widget3DPassThrough.uasset" 76
"../../../Engine/Content/EngineMaterials/Widget3DPassThrough_Masked.uasset" 77
"../../../Engine/Content/EngineMaterials/Widget3DPassThrough_Opaque.uasset" 78
"../../../Engine/Content/EngineMaterials/Widget3DPassThrough_Masked_OneSided.uasset" 79
"../../../Engine/Content/EngineMaterials/Widget3DPassThrough_Opaque_OneSided.uasset" 80
"../../../Engine/Content/EngineMaterials/Widget3DPassThrough_Translucent.uasset" 81
"../../../Engine/Content/EngineMaterials/Widget3DPassThrough_Translucent_OneSided.uasset" 82
"../../../Engine/Content/EngineMeshes/Cylinder.uasset" 83
"../../../Engine/Content/EngineMeshes/Sphere.uasset" 84
"../../../Engine/Content/EngineResources/AICON-Green.uasset" 85
"../../../Engine/Content/EngineResources/AICON-Red.uasset" 86
"../../../Engine/Content/EngineResources/Black.uasset" 87
"../../../Engine/Content/EngineResources/DefaultTexture.uasset" 88
"../../../Engine/Content/EngineResources/DefaultTextureCube.uasset" 89
"../../../Engine/Content/EngineResources/GradientTexture0.uasset" 90
"../../../Engine/Content/EngineSounds/Master.uasset" 91
"../../../Engine/Content/EngineSounds/MasterSubmix.uasset" 92
"../../../Engine/Content/EngineTireTypes/DefaultTireType.uasset" 93
"../../../Engine/Content/Functions/Engine_MaterialFunctions01/Shading/ConvertFromDiffSpec.uasset" 94
"../../../Engine/Content/Functions/Engine_MaterialFunctions01/Shading/PowerToRoughness.uasset" 95
"../../../Engine/Content/Maps/Templates/Thumbnails/Default.uasset" 96
"../../../Engine/Content/Maps/Templates/Thumbnails/VR-Basic.uasset" 97
"../../../Engine/Content/MobileResources/T_MobileControls_texture.uasset" 98
"../../../Engine/Content/MobileResources/T_MobileMenu2.uasset" 99
"../../../Engine/Content/MobileResources/HUD/AnalogHat.uasset" 100
"../../../Engine/Content/MobileResources/HUD/VirtualJoystick_Background.uasset" 101
"../../../Engine/Content/MobileResources/HUD/VirtualJoystick_Thumb.uasset" 102
"../../../Engine/Content/MobileResources/HUD/DefaultVirtualJoysticks.uasset" 103
"../../../Engine/Content/MobileResources/HUD/LeftVirtualJoystickOnly.uasset" 104
"../../../Engine/Content/MobileResources/HUD/MobileHUDButton1_off.uasset" 105
"../../../Engine/Content/MobileResources/HUD/MobileHUDButton1_on.uasset" 106
"../../../Engine/Content/MobileResources/HUD/MobileHUDButton2_off.uasset" 107
"../../../Engine/Content/MobileResources/HUD/MobileHUDButton2_on.uasset" 108
"../../../Engine/Content/MobileResources/HUD/MobileHUDButton3.uasset" 109
"../../../Engine/Content/MobileResources/HUD/MobileHUDButtonFire.uasset" 110
"../../../Engine/Content/MobileResources/HUD/MobileHUDDirectionPad.uasset" 111
"../../../Engine/Content/MobileResources/HUD/MobileHUDDirectionPad2.uasset" 112
"../../../Engine/Content/MobileResources/HUD/MobileHUDDirectionPad3.uasset" 113
"../../../Engine/Content/MobileResources/HUD/MobileHUDDirectionStick.uasset" 114
"../../../Engine/Content/MobileResources/HUD/T_Castle_ThumbstickInner.uasset" 115
"../../../Engine/Content/MobileResources/HUD/T_Castle_ThumbstickOutter.uasset" 116
"../../../Engine/Content/Tutorial/ContentIntroCurve.uasset" 117
"../../../Engine/Content/Tutorial/Basics/LevelEditorAttract.uasset" 118
"../../../Engine/Content/Tutorial/Basics/TutorialAssets/icon_tab_Levels_40x.uasset" 119
"../../../Engine/Content/Tutorial/Basics/LevelEditorOverview.uasset" 120
"../../../Engine/Content/Tutorial/BlueprintTutorials/TutorialAssets/Blueprint_64x.uasset" 121
"../../../Engine/Content/Tutorial/BlueprintTutorials/BlueprintEditorTutorial.uasset" 122
"../../../Engine/Content/Tutorial/BlueprintTutorials/TutorialAssets/BlueprintInterface_64x.uasset" 123
"../../../Engine/Content/Tutorial/BlueprintTutorials/BlueprintInterfacesEditorOverview.uasset" 124
"../../../Engine/Content/Tutorial/BlueprintTutorials/TutorialAssets/BlueprintMacroLibrary_64x.uasset" 125
"../../../Engine/Content/Tutorial/BlueprintTutorials/BlueprintMacroLibrariesEditorOverview.uasset" 126
"../../../Engine/Content/Tutorial/BlueprintTutorials/LevelBlueprintEditorOverview.uasset" 127
"../../../Engine/Content/Tutorial/Foliage/TutorialAssets/Foliage.uasset" 128
"../../../Engine/Content/Tutorial/Foliage/Foliage_Intro_Tutorial.uasset" 129
"../../../Engine/Content/Tutorial/Paper2D/TutorialAssets/Paper2DFlipbook_TutorialIcon.uasset" 130
"../../../Engine/Content/Tutorial/Paper2D/FlipbookEditorTutorial.uasset" 131
"../../../Engine/Content/Tutorial/Paper2D/TutorialAssets/Paper2DSprite_TutorialIcon.uasset" 132
"../../../Engine/Content/Tutorial/Paper2D/SpriteEditorTutorial.uasset" 133
"../../../Engine/Content/Tutorial/SubEditors/DestructibleMeshEditorTutorial.uasset" 134
"../../../Engine/Content/Tutorial/SubEditors/MaterialEditorTutorial.uasset" 135
"../../../Engine/Content/Tutorial/SubEditors/ParticleSystemEditorTutorial.uasset" 136
"../../../Engine/Content/Tutorial/SubEditors/TutorialAssets/icon_ShowSkeletalMeshes_40x.uasset" 137
"../../../Engine/Content/Tutorial/SubEditors/PersonaAnimEditorWalkthrough.uasset" 138
"../../../Engine/Content/Tutorial/SubEditors/StaticMeshEditorTutorial.uasset" 139
"../../../Engine/Content/Tutorial/SubEditors/TutorialAssets/icon_Editor_Preferences_General_40x.uasset" 140
"../../../Engine/Content/VREditor/Devices/Generic/GenericHMDMaterial.uasset" 141
"../../../Engine/Content/VREditor/Devices/Generic/GenericHMD.uasset" 142
"../../../Engine/Content/VREditor/FloatingText/LineMaterial.uasset" 143
"../../../Engine/Content/VREditor/FloatingText/JointSphere.uasset" 144
"../../../Engine/Content/VREditor/FloatingText/LineSegmentCylinder.uasset" 145
"../../../Engine/Content/VREditor/Fonts/VRText_RobotoLarge.uasset" 146
"../../../Engine/Content/VREditor/Fonts/VRTextMaterial.uasset" 147
"../../../Engine/Content/VREditor/Fonts/TranslucentVRTextMaterial.uasset" 148
"../../../Engine/Content/VREditor/LaserPointer/VR_LaserPower_01.uasset" 149
"../../../Engine/Content/VREditor/LaserPointer/LaserPointerMaterial.uasset" 150
"../../../Engine/Content/VREditor/LaserPointer/LaserPointerMaterialInst.uasset" 151
"../../../Engine/Content/VREditor/LaserPointer/TranslucentLaserPointerMaterialInst.uasset" 152
"../../../Engine/Content/VREditor/LaserPointer/LaserPointerMesh.uasset" 153
"../../../Engine/Content/VREditor/Sounds/VR_grab_Cue.uasset" 154
"../../../Engine/Content/VREditor/Sounds/VR_teleport_Cue.uasset" 155
"../../../Engine/Content/VREditor/TransformGizmo/TransformGizmoMaterial.uasset" 156
"../../../Engine/Content/VREditor/TransformGizmo/TranslucentTransformGizmoMaterial.uasset" 157
"../../../Engine/Content/VREditor/TransformGizmo/BoundingBoxCorner.uasset" 158
"../../../Engine/Content/VREditor/TransformGizmo/BoundingBoxEdge.uasset" 159
"../../../Engine/Content/VREditor/TransformGizmo/PlaneTranslationHandle.uasset" 160
"../../../Engine/Content/VREditor/TransformGizmo/RotationHandle.uasset" 161
"../../../Engine/Content/VREditor/TransformGizmo/RotationHandleFull.uasset" 162
"../../../Engine/Content/VREditor/TransformGizmo/StretchingHandle.uasset" 163
"../../../Engine/Content/VREditor/TransformGizmo/TranslateHandleLong.uasset" 164
"../../../Engine/Content/VREditor/TransformGizmo/TranslationHandle.uasset" 165
"../../../Engine/Content/VREditor/TransformGizmo/UniformScaleHandle.uasset" 166
"../../../Engine/Content/VREditor/UI/CloseButtonMesh.uasset" 167
"../../../Engine/Content/VREditor/UI/SelectionBarMesh.uasset" 168
"../../../Engine/Content/Functions/Engine_MaterialFunctions01/Gradient/RadialGradient.uasset" 169
"../../../Engine/Content/VREditor/WorldMovementGrid/SimpleGrid.uasset" 170
"../../../Engine/Content/VREditor/WorldMovementGrid/GridMaterial.uasset" 171
"../../../Engine/Content/Functions/Engine_MaterialFunctions01/Density/ExponentialDensity.uasset" 172
"../../../Engine/Content/VREditor/WorldMovementGrid/GridPostProcess.uasset" 173
"../../../Engine/Content/EditorLandscapeResources/FlattenHeightMat.uasset" 174
"../../../Engine/Content/VREditor/WorldMovementGrid/PlaneMesh.uasset" 175
"../../../ProjectSabre/Content/FirstPerson/Character/Mesh/SK_Mannequin_Arms_Skeleton.uasset" 176
"../../../ProjectSabre/Content/FirstPerson/Animations/FirstPerson_Idle.uasset" 177
"../../../ProjectSabre/Content/FirstPerson/Animations/FirstPerson_JumpEnd.uasset" 178
"../../../ProjectSabre/Content/FirstPerson/Animations/FirstPerson_JumpLoop.uasset" 179
"../../../ProjectSabre/Content/FirstPerson/Animations/FirstPerson_JumpStart.uasset" 180
"../../../ProjectSabre/Content/FirstPerson/Animations/FirstPerson_Run.uasset" 181
"../../../Engine/Content/EditorBlueprintResources/StandardMacros.uasset" 182
"../../../ProjectSabre/Content/FirstPerson/Animations/FirstPerson_AnimBP.uasset" 183
"../../../ProjectSabre/Content/knifeProjectile.uasset" 184
"../../../Engine/Content/BasicShapes/BasicShapeMaterial.uasset" 185
"../../../Engine/Content/BasicShapes/Sphere.uasset" 186
"../../../Engine/Content/Functions/Engine_MaterialFunctions02/Utility/BlendAngleCorrectedNormals.uasset" 187
"../../../Engine/Content/Functions/MaterialLayerFunctions/MatLayerBlend_NormalBlend.uasset" 188
"../../../Engine/Content/Functions/MaterialLayerFunctions/MatLayerBlend_Simple.uasset" 189
"../../../ProjectSabre/Content/FirstPerson/Character/Materials/MaterialLayers/T_ML_Rubber_Blue_01_D.uasset" 190
"../../../ProjectSabre/Content/FirstPerson/Character/Materials/MaterialLayers/T_ML_Rubber_Blue_01_N.uasset" 191
"../../../ProjectSabre/Content/FirstPerson/Character/Materials/MaterialLayers/ML_GlossyBlack_Latex_UE4.uasset" 192
"../../../ProjectSabre/Content/FirstPerson/Character/Materials/MaterialLayers/ML_Plastic_Shiny_Beige.uasset" 193
"../../../ProjectSabre/Content/FirstPerson/Character/Textures/UE4_LOGO_CARD.uasset" 194
"../../../ProjectSabre/Content/FirstPerson/Character/Materials/MaterialLayers/ML_Plastic_Shiny_Beige_LOGO.uasset" 195
"../../../ProjectSabre/Content/FirstPerson/Character/Materials/MaterialLayers/T_ML_Aluminum01.uasset" 196
"../../../ProjectSabre/Content/FirstPerson/Character/Materials/MaterialLayers/T_ML_Aluminum01_N.uasset" 197
"../../../ProjectSabre/Content/FirstPerson/Character/Materials/MaterialLayers/ML_SoftMetal_UE4.uasset" 198
"../../../ProjectSabre/Content/FirstPerson/Character/Textures/UE4_Mannequin__normals.uasset" 199
"../../../ProjectSabre/Content/FirstPerson/Character/Textures/UE4_Mannequin_MAT_MASKA.uasset" 200
"../../../ProjectSabre/Content/FirstPerson/Character/Materials/M_UE4Man_Body.uasset" 201
"../../../ProjectSabre/Content/FirstPerson/Character/Mesh/SK_Mannequin_Arms_PhysicsAsset.uasset" 202
"../../../ProjectSabre/Content/FirstPerson/Character/Mesh/SK_Mannequin_Arms.uasset" 203
"../../../ProjectSabre/Content/FirstPerson/FPWeapon/Materials/MaterialLayers/T_ML_Rubber_Blue_01_D.uasset" 204
"../../../ProjectSabre/Content/FirstPerson/FPWeapon/Materials/MaterialLayers/T_ML_Rubber_Blue_01_N.uasset" 205
"../../../ProjectSabre/Content/FirstPerson/FPWeapon/Materials/MaterialLayers/ML_GlossyBlack_Latex_UE4.uasset" 206
"../../../ProjectSabre/Content/FirstPerson/FPWeapon/Materials/MaterialLayers/ML_Plastic_Shiny_Beige.uasset" 207
"../../../ProjectSabre/Content/FirstPerson/FPWeapon/Materials/MaterialLayers/ML_Screen.uasset" 208
"../../../ProjectSabre/Content/FirstPerson/FPWeapon/Materials/MaterialLayers/T_ML_Aluminum01.uasset" 209
"../../../ProjectSabre/Content/FirstPerson/FPWeapon/Materials/MaterialLayers/T_ML_Aluminum01_N.uasset" 210
"../../../ProjectSabre/Content/FirstPerson/FPWeapon/Materials/MaterialLayers/ML_SoftMetal_UE4.uasset" 211
"../../../ProjectSabre/Content/FirstPerson/FPWeapon/Textures/T_FPGun_M.uasset" 212
"../../../ProjectSabre/Content/FirstPerson/FPWeapon/Textures/T_FPGun_N.uasset" 213
"../../../ProjectSabre/Content/FirstPerson/FPWeapon/Materials/M_FPGun.uasset" 214
"../../../ProjectSabre/Content/FirstPerson/FPWeapon/Mesh/SK_FPGun_Skeleton.uasset" 215
"../../../ProjectSabre/Content/FirstPerson/FPWeapon/Mesh/SK_FPGun.uasset" 216
"../../../ProjectSabre/Content/UInterface/Join.uasset" 217
"../../../ProjectSabre/Content/UInterface/MultiplayerUI.uasset" 218
"../../../ProjectSabre/Content/Player.uasset" 219
"../../../ProjectSabre/Content/FirstPerson/Textures/FirstPersonCrosshair.uasset" 220
"../../../ProjectSabre/Content/UInterface/FirstPersonHUD.uasset" 221
"../../../ProjectSabre/Content/FirstPersonGameMode.uasset" 222
"../../../ProjectSabre/Content/leaf2_tex.uasset" 223
"../../../ProjectSabre/Content/leaves1_MAT.uasset" 224
"../../../ProjectSabre/Content/Textures/leaf2_tex.uasset" 225
"../../../ProjectSabre/Content/leaves2_MAT.uasset" 226
"../../../ProjectSabre/Content/leaves_2.uasset" 227
"../../../ProjectSabre/Content/MPController.uasset" 228
"../../../ProjectSabre/Content/MPGameInstance.uasset" 229
"../../../ProjectSabre/Content/multileaves1.uasset" 230
"../../../ProjectSabre/Content/multileaves1_d.uasset" 231
"../../../ProjectSabre/Content/Textures/leaf_tex.uasset" 232
"../../../ProjectSabre/Content/Textures/multiLeaves1_n.uasset" 233
"../../../ProjectSabre/Content/multiLeaves1_MAT.uasset" 234
"../../../ProjectSabre/Content/multiLeaves1_n.uasset" 235
"../../../ProjectSabre/Content/multiLeaves_n.uasset" 236
"../../../ProjectSabre/Content/stems_MAT.uasset" 237
"../../../ProjectSabre/Content/FirstPerson/Animations/FirstPerson_Fire.uasset" 238
"../../../ProjectSabre/Content/FirstPerson/Animations/FirstPersonFire_Montage.uasset" 239
"../../../ProjectSabre/Content/FirstPerson/Audio/FirstPersonTemplateWeaponFire02.uasset" 240
"../../../ProjectSabre/Content/FirstPerson/FPWeapon/Materials/MaterialLayers/ML_Plastic_Shiny_Beige_LOGO.uasset" 241
"../../../ProjectSabre/Content/FirstPerson/FPWeapon/Materials/MaterialLayers/T_ML_FineRubber.uasset" 242
"../../../ProjectSabre/Content/FirstPerson/FPWeapon/Mesh/SK_FPGun_PhysicsAsset.uasset" 243
"../../../ProjectSabre/Content/FirstPerson/Meshes/BaseMaterial.uasset" 244
"../../../ProjectSabre/Content/FirstPerson/Meshes/CubeMaterialOverride.uasset" 245
"../../../ProjectSabre/Content/FirstPerson/Meshes/FirstPersonProjectileMaterial.uasset" 246
"../../../ProjectSabre/Content/FirstPerson/Meshes/FirstPersonProjectileMesh.uasset" 247
"../../../ProjectSabre/Content/Geometry/Meshes/CubeMaterial.uasset" 248
"../../../ProjectSabre/Content/Geometry/Meshes/1M_Cube.uasset" 249
"../../../ProjectSabre/Content/Geometry/Meshes/1M_Cube_Chamfer.uasset" 250
"../../../ProjectSabre/Content/Geometry/Meshes/TemplateFloor.uasset" 251
"../../../ProjectSabre/Content/Maps/MapIdea_1_BuiltData.uasset" 252
"../../../ProjectSabre/Content/Maps/TestingLevel_BuiltData.uasset" 253
"../../../ProjectSabre/Content/Textures/GroundForest003_COL_VAR1_3K.uasset" 254
"../../../ProjectSabre/Content/Textures/GroundForest003_DISP_3K.uasset" 255
"../../../ProjectSabre/Content/Textures/GroundForest003_GLOSS_3K.uasset" 256
"../../../ProjectSabre/Content/Textures/GroundForest003_NRM_3K.uasset" 257
"../../../ProjectSabre/Content/Textures/GroundForest003_REFL_3K.uasset" 258
"../../../ProjectSabre/Content/Materials/grass_1_MAT.uasset" 259
"../../../ProjectSabre/Content/Materials/leaves1_MAT.uasset" 260
"../../../ProjectSabre/Content/StarterContent/Materials/M_Basic_Wall.uasset" 261
"../../../ProjectSabre/Content/StarterContent/Architecture/Pillar_50x500.uasset" 262
"../../../ProjectSabre/Content/StarterContent/Architecture/Wall_400x300.uasset" 263
"../../../ProjectSabre/Content/StarterContent/Architecture/Wall_400x400.uasset" 264
"../../../ProjectSabre/Content/StarterContent/Architecture/Wall_500x500.uasset" 265
"../../../ProjectSabre/Content/StarterContent/Architecture/Wall_Door_400x400.uasset" 266
"../../../ProjectSabre/Content/StarterContent/Architecture/Wall_Window_400x400.uasset" 267
"../../../ProjectSabre/Content/StarterContent/Audio/Light01_Cue.uasset" 268
"../../../ProjectSabre/Content/StarterContent/Audio/Light02_Cue.uasset" 269
"../../../ProjectSabre/Content/StarterContent/Audio/Explosion_Cue.uasset" 270
"../../../ProjectSabre/Content/StarterContent/Textures/T_Burst_M.uasset" 271
"../../../ProjectSabre/Content/StarterContent/Particles/Materials/M_Burst.uasset" 272
"../../../ProjectSabre/Content/StarterContent/Textures/T_Explosion_SubUV.uasset" 273
"../../../ProjectSabre/Content/StarterContent/Particles/Materials/M_explosion_subUV.uasset" 274
"../../../ProjectSabre/Content/StarterContent/Particles/Materials/m_flare_01.uasset" 275
"../../../ProjectSabre/Content/StarterContent/Particles/Materials/M_radial_ramp.uasset" 276
"../../../ProjectSabre/Content/StarterContent/Textures/T_Smoke_SubUV.uasset" 277
"../../../ProjectSabre/Content/StarterContent/Textures/T_Smoke_Tiled_D.uasset" 278
"../../../ProjectSabre/Content/StarterContent/Particles/Materials/M_smoke_subUV.uasset" 279
"../../../ProjectSabre/Content/StarterContent/Particles/P_Explosion.uasset" 280
"../../../ProjectSabre/Content/StarterContent/Blueprints/Blueprint_Effect_Explosion.uasset" 281
"../../../Engine/Content/EditorMeshes/ColorCalibrator/T_ColorGrid.uasset" 282
"../../../ProjectSabre/Content/StarterContent/Materials/M_ColorGrid_LowSpec.uasset" 283
"../../../ProjectSabre/Content/StarterContent/Textures/T_Bush_D.uasset" 284
"../../../ProjectSabre/Content/StarterContent/Textures/T_Bush_N.uasset" 285
"../../../ProjectSabre/Content/StarterContent/Props/Materials/M_Bush.uasset" 286
"../../../ProjectSabre/Content/StarterContent/Props/SM_Bush.uasset" 287
"../../../ProjectSabre/Content/StarterContent/Textures/T_Chair_M.uasset" 288
"../../../ProjectSabre/Content/StarterContent/Textures/T_Chair_N.uasset" 289
"../../../ProjectSabre/Content/StarterContent/Props/Materials/M_Chair.uasset" 290
"../../../ProjectSabre/Content/StarterContent/Props/SM_Couch.uasset" 291
"../../../ProjectSabre/Content/StarterContent/Materials/M_Glass.uasset" 292
"../../../ProjectSabre/Content/StarterContent/Textures/T_Door_M.uasset" 293
"../../../ProjectSabre/Content/StarterContent/Textures/T_Door_N.uasset" 294
"../../../ProjectSabre/Content/StarterContent/Props/Materials/M_Door.uasset" 295
"../../../ProjectSabre/Content/StarterContent/Props/SM_Door.uasset" 296
"../../../ProjectSabre/Content/StarterContent/Props/Materials/M_MaterialSphere.uasset" 297
"../../../ProjectSabre/Content/StarterContent/Props/Materials/M_MaterialSphere_Plain.uasset" 298
"../../../ProjectSabre/Content/StarterContent/Props/SM_MatPreviewMesh_02.uasset" 299
"../../../ProjectSabre/Content/StarterContent/Textures/T_Detail_Rocky_N.uasset" 300
"../../../ProjectSabre/Content/StarterContent/Textures/T_Rock_Basalt_D.uasset" 301
"../../../ProjectSabre/Content/StarterContent/Textures/T_RockMesh_M.uasset" 302
"../../../ProjectSabre/Content/StarterContent/Textures/T_RockMesh_N.uasset" 303
"../../../ProjectSabre/Content/StarterContent/Props/Materials/M_Rock.uasset" 304
"../../../ProjectSabre/Content/StarterContent/Props/SM_Rock.uasset" 305
"../../../ProjectSabre/Content/StarterContent/Textures/T_Shelf_M.uasset" 306
"../../../ProjectSabre/Content/StarterContent/Textures/T_Shelf_N.uasset" 307
"../../../ProjectSabre/Content/StarterContent/Props/Materials/M_Shelf.uasset" 308
"../../../ProjectSabre/Content/StarterContent/Props/SM_Shelf.uasset" 309
"../../../ProjectSabre/Content/StarterContent/Materials/M_Basic_Floor.uasset" 310
"../../../ProjectSabre/Content/StarterContent/Props/SM_Stairs.uasset" 311
"../../../ProjectSabre/Content/StarterContent/Shapes/Shape_Cone.uasset" 312
"../../../ProjectSabre/Content/StarterContent/Shapes/Shape_Cylinder.uasset" 313
"../../../ProjectSabre/Content/StarterContent/Shapes/Shape_NarrowCapsule.uasset" 314
"../../../ProjectSabre/Content/StarterContent/Shapes/Shape_Pipe.uasset" 315
"../../../ProjectSabre/Content/StarterContent/Shapes/Shape_Pipe_180.uasset" 316
"../../../ProjectSabre/Content/StarterContent/Shapes/Shape_Pipe_90.uasset" 317
"../../../ProjectSabre/Content/StarterContent/Shapes/Shape_Plane.uasset" 318
"../../../ProjectSabre/Content/StarterContent/Shapes/Shape_Torus.uasset" 319
"../../../ProjectSabre/Content/StarterContent/Shapes/Shape_Trim.uasset" 320
"../../../ProjectSabre/Content/StarterContent/Shapes/Shape_Trim_90_In.uasset" 321
"../../../ProjectSabre/Content/StarterContent/Shapes/Shape_Trim_90_Out.uasset" 322
"../../../ProjectSabre/Content/StarterContent/Shapes/Shape_TriPyramid.uasset" 323
"../../../ProjectSabre/Content/StarterContent/Shapes/Shape_Tube.uasset" 324
"../../../ProjectSabre/Content/StarterContent/Shapes/Shape_Wedge_A.uasset" 325
"../../../ProjectSabre/Content/StarterContent/Shapes/Shape_Wedge_B.uasset" 326
"../../../ProjectSabre/Content/StarterContent/Shapes/Shape_WideCapsule.uasset" 327
"../../../ProjectSabre/Content/Textures/GroundForest003_AO_3K.uasset" 328
"../../../ProjectSabre/Content/Textures/GroundForest003_COL_VAR2_3K.uasset" 329
"../../../ProjectSabre/Content/UInterface/MultiplayerJoin.uasset" 330
"../../../ProjectSabre/Content/UInterface/Multiplayer.uasset" 331
"../../../ProjectSabre/Content/UInterface/TestingMultiplayerHUD.uasset" 332
"../../../Engine/Plugins/2D/Paper2D/Content/DummySprite.uasset" 333
"../../../Engine/Plugins/2D/Paper2D/Content/DefaultPaperTerrainMaterial.uasset" 334
"../../../Engine/Plugins/2D/Paper2D/Content/DefaultSpriteMaterial.uasset" 335
"../../../Engine/Plugins/2D/Paper2D/Content/MaskedUnlitSpriteMaterial.uasset" 336
"../../../Engine/Plugins/2D/Paper2D/Content/OpaqueUnlitSpriteMaterial.uasset" 337
"../../../Engine/Plugins/2D/Paper2D/Content/PlaceholderTextures/DummySpriteTexture.uasset" 338
"../../../Engine/Content/EngineSky/C_Sky_Cloud_Color.uasset" 339
"../../../Engine/Content/EngineSky/C_Sky_Horizon_Color.uasset" 340
"../../../Engine/Content/EngineSky/C_Sky_Zenith_Color.uasset" 341
"../../../Engine/Content/EngineSky/T_Sky_Blue.uasset" 342
"../../../Engine/Content/EngineSky/T_Sky_Clouds_M.uasset" 343
"../../../Engine/Content/EngineSky/T_Sky_Stars.uasset" 344
"../../../Engine/Content/EngineSky/M_Sky_Panning_Clouds2.uasset" 345
"../../../Engine/Content/EngineSky/SM_SkySphere.uasset" 346
"../../../Engine/Content/EngineSky/BP_Sky_Sphere.uasset" 347
"../../../Engine/Content/EngineMaterials/WorldGridMaterial.uasset" 348
"../../../Engine/Content/BasicShapes/Cube.uasset" 349
"../../../ProjectSabre/Content/Materials/leaves2_MAT.uasset" 350
"../../../ProjectSabre/Content/Materials/stems_MAT.uasset" 351
"../../../ProjectSabre/Content/Foliage/groundCovering_1.uasset" 352
"../../../ProjectSabre/Content/Materials/multiLeaves1_MAT.uasset" 353
"../../../ProjectSabre/Content/Foliage/shrub_1.uasset" 354
"../../../ProjectSabre/Content/Maps/TestingLevel.umap" 355
"../../../ProjectSabre/Content/StarterContent/Blueprints/Assets/FogBrightnessLUT.uasset" 356
"../../../ProjectSabre/Content/StarterContent/Blueprints/Assets/SunlightColorLUT.uasset" 357
"../../../ProjectSabre/Content/StarterContent/Blueprints/Assets/M_LightStage_Arrows.uasset" 358
"../../../Engine/Content/MapTemplates/Sky/DaylightAmbientCubemap.uasset" 359
"../../../ProjectSabre/Content/StarterContent/Blueprints/Assets/M_LightStage_Skybox_Master.uasset" 360
"../../../ProjectSabre/Content/StarterContent/Blueprints/Assets/M_LightStage_Skybox_Black.uasset" 361
"../../../ProjectSabre/Content/StarterContent/Blueprints/Assets/M_LightStage_Skybox_HDRI.uasset" 362
"../../../Engine/Content/EditorMaterials/Thumbnails/SkySphereMaterial.uasset" 363
"../../../ProjectSabre/Content/StarterContent/Blueprints/Assets/Skybox.uasset" 364
"../../../ProjectSabre/Content/StarterContent/Blueprints/Assets/SM_Arrows.uasset" 365
"../../../ProjectSabre/Content/StarterContent/HDRI/HDRI_Epic_Courtyard_Daylight.uasset" 366
"../../../ProjectSabre/Content/StarterContent/Blueprints/BP_LightStudio.uasset" 367
"../../../ProjectSabre/Content/StarterContent/Materials/M_AssetPlatform.uasset" 368
"../../../Engine/Content/EditorMeshes/ColorCalibrator/M_ChromeBall.uasset" 369
"../../../Engine/Content/EditorMeshes/ColorCalibrator/M_ClearCoat.uasset" 370
"../../../Engine/Content/EditorMeshes/ColorCalibrator/M_ClearCoatBlack.uasset" 371
"../../../Engine/Content/EditorMeshes/ColorCalibrator/M_ColorGrid.uasset" 372
"../../../Engine/Content/EditorMeshes/ColorCalibrator/M_GreyBall.uasset" 373
"../../../Engine/Content/EditorMeshes/ColorCalibrator/SM_ColorCalibrator.uasset" 374
"../../../ProjectSabre/Content/StarterContent/Architecture/SM_AssetPlatform.uasset" 375
"../../../ProjectSabre/Content/StarterContent/Maps/Advanced_Lighting.umap" 376
"../../../ProjectSabre/Content/StarterContent/Textures/T_MacroVariation.uasset" 377
"../../../ProjectSabre/Content/StarterContent/Materials/M_Metal_Brushed_Nickel.uasset" 378
"../../../ProjectSabre/Content/StarterContent/Textures/T_Metal_Aluminum_D.uasset" 379
"../../../ProjectSabre/Content/StarterContent/Textures/T_Metal_Gold_N.uasset" 380
"../../../ProjectSabre/Content/StarterContent/Materials/M_Metal_Burnished_Steel.uasset" 381
"../../../ProjectSabre/Content/StarterContent/Textures/T_Metal_Copper_D.uasset" 382
"../../../ProjectSabre/Content/StarterContent/Materials/M_Metal_Copper.uasset" 383
"../../../ProjectSabre/Content/StarterContent/Textures/T_Statue_M.uasset" 384
"../../../ProjectSabre/Content/StarterContent/Textures/T_Statue_N.uasset" 385
"../../../ProjectSabre/Content/StarterContent/Props/Materials/M_StatueGlass.uasset" 386
"../../../ProjectSabre/Content/StarterContent/Architecture/Floor_400x400.uasset" 387
"../../../ProjectSabre/Content/StarterContent/Audio/Starter_Background_Cue.uasset" 388
"../../../ProjectSabre/Content/StarterContent/Props/SM_Chair.uasset" 389
"../../../ProjectSabre/Content/StarterContent/Props/Materials/M_Statue.uasset" 390
"../../../ProjectSabre/Content/StarterContent/Props/SM_Statue.uasset" 391
"../../../ProjectSabre/Content/StarterContent/Textures/T_TableRound_M.uasset" 392
"../../../ProjectSabre/Content/StarterContent/Textures/T_TableRound_N.uasset" 393
"../../../ProjectSabre/Content/StarterContent/Props/Materials/M_TableRound.uasset" 394
"../../../ProjectSabre/Content/StarterContent/Props/SM_TableRound.uasset" 395
"../../../ProjectSabre/Content/StarterContent/Maps/Minimal_Default.umap" 396
"../../../ProjectSabre/Content/StarterContent/Audio/Fire01_Cue.uasset" 397
"../../../ProjectSabre/Content/StarterContent/Textures/T_Fire_SubUV.uasset" 398
"../../../ProjectSabre/Content/StarterContent/Textures/T_Fire_Tiled_D.uasset" 399
"../../../ProjectSabre/Content/StarterContent/Particles/Materials/M_Fire_SubUV.uasset" 400
"../../../ProjectSabre/Content/StarterContent/Textures/T_Water_N.uasset" 401
"../../../ProjectSabre/Content/StarterContent/Particles/Materials/M_Heat_Distortion.uasset" 402
"../../../ProjectSabre/Content/StarterContent/Particles/Materials/M_Radial_Gradient.uasset" 403
"../../../ProjectSabre/Content/StarterContent/Particles/P_Fire.uasset" 404
"../../../ProjectSabre/Content/StarterContent/Blueprints/Blueprint_Effect_Fire.uasset" 405
"../../../ProjectSabre/Content/StarterContent/Audio/Smoke01_Cue.uasset" 406
"../../../ProjectSabre/Content/StarterContent/Particles/P_Smoke.uasset" 407
"../../../ProjectSabre/Content/StarterContent/Blueprints/Blueprint_Effect_Smoke.uasset" 408
"../../../ProjectSabre/Content/StarterContent/Audio/Fire_Sparks01_Cue.uasset" 409
"../../../ProjectSabre/Content/StarterContent/Textures/T_Spark_Core.uasset" 410
"../../../ProjectSabre/Content/StarterContent/Particles/Materials/M_Spark.uasset" 411
"../../../ProjectSabre/Content/StarterContent/Particles/P_Sparks.uasset" 412
"../../../ProjectSabre/Content/StarterContent/Blueprints/Blueprint_Effect_Sparks.uasset" 413
"../../../ProjectSabre/Content/StarterContent/Audio/Steam01_Cue.uasset" 414
"../../../ProjectSabre/Content/StarterContent/Particles/P_Steam_Lit.uasset" 415
"../../../ProjectSabre/Content/StarterContent/Blueprints/Blueprint_Effect_Steam.uasset" 416
"../../../ProjectSabre/Content/StarterContent/Textures/T_Lamp_M.uasset" 417
"../../../ProjectSabre/Content/StarterContent/Textures/T_Lamp_N.uasset" 418
"../../../ProjectSabre/Content/StarterContent/Props/Materials/M_Lamp.uasset" 419
"../../../ProjectSabre/Content/StarterContent/Props/SM_Lamp_Ceiling.uasset" 420
"../../../ProjectSabre/Content/StarterContent/Blueprints/Blueprint_CeilingLight.uasset" 421
"../../../ProjectSabre/Content/StarterContent/Props/SM_Lamp_Wall.uasset" 422
"../../../ProjectSabre/Content/StarterContent/Blueprints/Blueprint_WallSconce.uasset" 423
"../../../Engine/Content/Functions/Engine_MaterialFunctions03/Procedurals/ComputeFilterWidth.uasset" 424
"../../../Engine/Content/EngineMaterials/AntiAliasedTextMaterialTranslucent.uasset" 425
"../../../ProjectSabre/Content/StarterContent/Textures/T_Brick_Clay_Beveled_D.uasset" 426
"../../../ProjectSabre/Content/StarterContent/Textures/T_Brick_Clay_Beveled_M.uasset" 427
"../../../ProjectSabre/Content/StarterContent/Textures/T_Brick_Clay_Beveled_N.uasset" 428
"../../../ProjectSabre/Content/StarterContent/Materials/M_Brick_Clay_Beveled.uasset" 429
"../../../ProjectSabre/Content/StarterContent/Textures/T_Brick_Clay_New_D.uasset" 430
"../../../ProjectSabre/Content/StarterContent/Textures/T_Brick_Clay_New_M.uasset" 431
"../../../ProjectSabre/Content/StarterContent/Textures/T_Brick_Clay_New_N.uasset" 432
"../../../ProjectSabre/Content/StarterContent/Materials/M_Brick_Clay_New.uasset" 433
"../../../ProjectSabre/Content/StarterContent/Textures/T_Brick_Clay_Old_D.uasset" 434
"../../../ProjectSabre/Content/StarterContent/Textures/T_Brick_Clay_Old_N.uasset" 435
"../../../ProjectSabre/Content/StarterContent/Textures/T_Perlin_Noise_M.uasset" 436
"../../../ProjectSabre/Content/StarterContent/Materials/M_Brick_Clay_Old.uasset" 437
"../../../ProjectSabre/Content/StarterContent/Textures/T_Brick_Cut_Stone_D.uasset" 438
"../../../ProjectSabre/Content/StarterContent/Textures/T_Brick_Cut_Stone_N.uasset" 439
"../../../ProjectSabre/Content/StarterContent/Materials/M_Brick_Cut_Stone.uasset" 440
"../../../ProjectSabre/Content/StarterContent/Textures/T_Brick_Hewn_Stone_D.uasset" 441
"../../../ProjectSabre/Content/StarterContent/Textures/T_Brick_Hewn_Stone_M.uasset" 442
"../../../ProjectSabre/Content/StarterContent/Textures/T_Brick_Hewn_Stone_N.uasset" 443
"../../../ProjectSabre/Content/StarterContent/Materials/M_Brick_Hewn_Stone.uasset" 444
"../../../ProjectSabre/Content/StarterContent/Textures/T_Ceramic_Tile_M.uasset" 445
"../../../ProjectSabre/Content/StarterContent/Textures/T_Ceramic_Tile_N.uasset" 446
"../../../ProjectSabre/Content/StarterContent/Textures/T_Rock_Marble_Polished_D.uasset" 447
"../../../ProjectSabre/Content/StarterContent/Materials/M_Ceramic_Tile_Checker.uasset" 448
"../../../ProjectSabre/Content/StarterContent/Textures/T_CobbleStone_Pebble_D.uasset" 449
"../../../ProjectSabre/Content/StarterContent/Textures/T_CobbleStone_Pebble_M.uasset" 450
"../../../ProjectSabre/Content/StarterContent/Textures/T_CobbleStone_Pebble_N.uasset" 451
"../../../ProjectSabre/Content/StarterContent/Materials/M_CobbleStone_Pebble.uasset" 452
"../../../ProjectSabre/Content/StarterContent/Textures/T_CobbleStone_Rough_D.uasset" 453
"../../../ProjectSabre/Content/StarterContent/Textures/T_CobbleStone_Rough_N.uasset" 454
"../../../ProjectSabre/Content/StarterContent/Textures/T_Gradinet_01.uasset" 455
"../../../ProjectSabre/Content/StarterContent/Textures/T_Rock_Smooth_Granite_D.uasset" 456
"../../../ProjectSabre/Content/StarterContent/Materials/M_CobbleStone_Rough.uasset" 457
"../../../ProjectSabre/Content/StarterContent/Textures/T_CobbleStone_Smooth_D.uasset" 458
"../../../ProjectSabre/Content/StarterContent/Textures/T_CobbleStone_Smooth_M.uasset" 459
"../../../ProjectSabre/Content/StarterContent/Textures/T_CobbleStone_Smooth_N.uasset" 460
"../../../ProjectSabre/Content/StarterContent/Materials/M_CobbleStone_Smooth.uasset" 461
"../../../ProjectSabre/Content/StarterContent/Textures/T_Concrete_Grime_D.uasset" 462
"../../../ProjectSabre/Content/StarterContent/Textures/T_Metal_Rust_N.uasset" 463
"../../../ProjectSabre/Content/StarterContent/Materials/M_Concrete_Grime.uasset" 464
"../../../ProjectSabre/Content/StarterContent/Textures/T_Concrete_Panels_D.uasset" 465
"../../../ProjectSabre/Content/StarterContent/Textures/T_Concrete_Panels_N.uasset" 466
"../../../ProjectSabre/Content/StarterContent/Materials/M_Concrete_Panels.uasset" 467
"../../../ProjectSabre/Content/StarterContent/Textures/T_Concrete_Poured_D.uasset" 468
"../../../ProjectSabre/Content/StarterContent/Textures/T_Concrete_Poured_N.uasset" 469
"../../../ProjectSabre/Content/StarterContent/Materials/M_Concrete_Poured.uasset" 470
"../../../ProjectSabre/Content/StarterContent/Textures/T_Concrete_Tiles_D.uasset" 471
"../../../ProjectSabre/Content/StarterContent/Textures/T_Concrete_Tiles_M.uasset" 472
"../../../ProjectSabre/Content/StarterContent/Textures/T_Concrete_Tiles_N.uasset" 473
"../../../ProjectSabre/Content/StarterContent/Textures/T_Concrete_Tiles_Variation_M.uasset" 474
"../../../ProjectSabre/Content/StarterContent/Materials/M_Concrete_Tiles.uasset" 475
"../../../ProjectSabre/Content/StarterContent/Textures/T_Ground_Grass_D.uasset" 476
"../../../ProjectSabre/Content/StarterContent/Textures/T_Ground_Grass_N.uasset" 477
"../../../ProjectSabre/Content/StarterContent/Materials/M_Ground_Grass.uasset" 478
"../../../ProjectSabre/Content/StarterContent/Textures/T_Ground_Gravel_D.uasset" 479
"../../../ProjectSabre/Content/StarterContent/Textures/T_Ground_Gravel_N.uasset" 480
"../../../ProjectSabre/Content/StarterContent/Materials/M_Ground_Gravel.uasset" 481
"../../../ProjectSabre/Content/StarterContent/Textures/T_ground_Moss_D.uasset" 482
"../../../ProjectSabre/Content/StarterContent/Textures/T_Ground_Moss_N.uasset" 483
"../../../ProjectSabre/Content/StarterContent/Materials/M_Ground_Moss.uasset" 484
"../../../ProjectSabre/Content/StarterContent/Materials/M_Metal_Chrome.uasset" 485
"../../../ProjectSabre/Content/StarterContent/Textures/T_Metal_Gold_D.uasset" 486
"../../../ProjectSabre/Content/StarterContent/Materials/M_Metal_Gold.uasset" 487
"../../../ProjectSabre/Content/StarterContent/Textures/T_Metal_Rust_D.uasset" 488
"../../../ProjectSabre/Content/StarterContent/Materials/M_Metal_Rust.uasset" 489
"../../../ProjectSabre/Content/StarterContent/Textures/T_Metal_Steel_D.uasset" 490
"../../../ProjectSabre/Content/StarterContent/Textures/T_Metal_Steel_N.uasset" 491
"../../../ProjectSabre/Content/StarterContent/Materials/M_Metal_Steel.uasset" 492
"../../../ProjectSabre/Content/StarterContent/Textures/T_Rock_Basalt_N.uasset" 493
"../../../ProjectSabre/Content/StarterContent/Materials/M_Rock_Basalt.uasset" 494
"../../../ProjectSabre/Content/StarterContent/Materials/M_Rock_Marble_Polished.uasset" 495
"../../../ProjectSabre/Content/StarterContent/Textures/T_Rock_Sandstone_D.uasset" 496
"../../../ProjectSabre/Content/StarterContent/Textures/T_Rock_Sandstone_N.uasset" 497
"../../../ProjectSabre/Content/StarterContent/Materials/M_Rock_Sandstone.uasset" 498
"../../../ProjectSabre/Content/StarterContent/Textures/T_Rock_Slate_D.uasset" 499
"../../../ProjectSabre/Content/StarterContent/Textures/T_Rock_Slate_N.uasset" 500
"../../../ProjectSabre/Content/StarterContent/Materials/M_Rock_Slate.uasset" 501
"../../../ProjectSabre/Content/StarterContent/Textures/T_Checker_Noise_M.uasset" 502
"../../../ProjectSabre/Content/StarterContent/Textures/T_Single_Tile_N.uasset" 503
"../../../ProjectSabre/Content/StarterContent/Textures/T_Tech_Dot_M.uasset" 504
"../../../ProjectSabre/Content/StarterContent/Textures/T_Tech_Dot_N.uasset" 505
"../../../ProjectSabre/Content/StarterContent/Materials/M_Tech_Checker_Dot.uasset" 506
"../../../ProjectSabre/Content/StarterContent/Textures/T_Tech_Hex_Tile_M.uasset" 507
"../../../ProjectSabre/Content/StarterContent/Textures/T_Tech_Hex_Tile_N.uasset" 508
"../../../ProjectSabre/Content/StarterContent/Materials/M_Tech_Hex_Tile.uasset" 509
"../../../ProjectSabre/Content/StarterContent/Materials/M_Tech_Hex_Tile_Pulse.uasset" 510
"../../../ProjectSabre/Content/StarterContent/Textures/T_Tech_Panel_M.uasset" 511
"../../../ProjectSabre/Content/StarterContent/Textures/T_Tech_Panel_N.uasset" 512
"../../../ProjectSabre/Content/StarterContent/Materials/M_Tech_Panel.uasset" 513
"../../../ProjectSabre/Content/StarterContent/Materials/M_Water_Lake.uasset" 514
"../../../ProjectSabre/Content/StarterContent/Textures/T_Water_M.uasset" 515
"../../../ProjectSabre/Content/StarterContent/Materials/M_Water_Ocean.uasset" 516
"../../../ProjectSabre/Content/StarterContent/Textures/T_Wood_Floor_Walnut_D.uasset" 517
"../../../ProjectSabre/Content/StarterContent/Textures/T_Wood_Floor_Walnut_M.uasset" 518
"../../../ProjectSabre/Content/StarterContent/Textures/T_Wood_Floor_Walnut_N.uasset" 519
"../../../ProjectSabre/Content/StarterContent/Materials/M_Wood_Floor_Walnut_Polished.uasset" 520
"../../../Engine/Content/Functions/Engine_MaterialFunctions01/Opacity/AlphaOffset.uasset" 521
"../../../ProjectSabre/Content/StarterContent/Materials/M_Wood_Floor_Walnut_Worn.uasset" 522
"../../../ProjectSabre/Content/StarterContent/Textures/T_Wood_Oak_D.uasset" 523
"../../../ProjectSabre/Content/StarterContent/Textures/T_Wood_Oak_N.uasset" 524
"../../../ProjectSabre/Content/StarterContent/Materials/M_Wood_Oak.uasset" 525
"../../../ProjectSabre/Content/StarterContent/Textures/T_Wood_Pine_D.uasset" 526
"../../../ProjectSabre/Content/StarterContent/Textures/T_Wood_Pine_N.uasset" 527
"../../../ProjectSabre/Content/StarterContent/Materials/M_Wood_Pine.uasset" 528
"../../../ProjectSabre/Content/StarterContent/Textures/T_Wood_Walnut_D.uasset" 529
"../../../ProjectSabre/Content/StarterContent/Textures/T_Wood_Walnut_N.uasset" 530
"../../../ProjectSabre/Content/StarterContent/Materials/M_Wood_Walnut.uasset" 531
"../../../ProjectSabre/Content/StarterContent/Architecture/Wall_400x200.uasset" 532
"../../../ProjectSabre/Content/StarterContent/Architecture/Wall_Door_400x300.uasset" 533
"../../../ProjectSabre/Content/StarterContent/Architecture/Wall_Window_400x300.uasset" 534
"../../../ProjectSabre/Content/StarterContent/Audio/Collapse_Cue.uasset" 535
"../../../ProjectSabre/Content/StarterContent/Audio/Starter_Music_Cue.uasset" 536
"../../../ProjectSabre/Content/StarterContent/Textures/T_Dust_Particle_D.uasset" 537
"../../../ProjectSabre/Content/StarterContent/Particles/Materials/M_Dust_Particle.uasset" 538
"../../../ProjectSabre/Content/StarterContent/Particles/P_Ambient_Dust.uasset" 539
"../../../ProjectSabre/Content/StarterContent/Props/MaterialSphere.uasset" 540
"../../../ProjectSabre/Content/StarterContent/Textures/T_Frame_M.uasset" 541
"../../../ProjectSabre/Content/StarterContent/Textures/T_Frame_N.uasset" 542
"../../../ProjectSabre/Content/StarterContent/Props/Materials/M_Frame.uasset" 543
"../../../ProjectSabre/Content/StarterContent/Props/SM_CornerFrame.uasset" 544
"../../../ProjectSabre/Content/StarterContent/Props/SM_DoorFrame.uasset" 545
"../../../ProjectSabre/Content/StarterContent/Props/SM_GlassWindow.uasset" 546
"../../../ProjectSabre/Content/StarterContent/Props/SM_PillarFrame.uasset" 547
"../../../ProjectSabre/Content/StarterContent/Props/SM_PillarFrame300.uasset" 548
"../../../ProjectSabre/Content/StarterContent/Props/SM_WindowFrame.uasset" 549
"../../../ProjectSabre/Content/StarterContent/Shapes/Shape_Cube.uasset" 550
"../../../ProjectSabre/Content/StarterContent/Shapes/Shape_QuadPyramid.uasset" 551
"../../../ProjectSabre/Content/StarterContent/Shapes/Shape_Sphere.uasset" 552
"../../../ProjectSabre/Content/StarterContent/Maps/StarterMap.umap" 553
"../../../Engine/Content/MapTemplates/SM_Template_Map_Floor.uasset" 554
"../../../ProjectSabre/Content/Geometry/Meshes/Dome.uasset" 555
"../../../ProjectSabre/Content/Maps/MapIdea_1.umap" 556
